[debug] [2020-10-19T14:23:22.465Z] ----------------------------------------------------------------------
[debug] [2020-10-19T14:23:22.467Z] Command:       C:\Program Files\nodejs\node.exe C:\Program Files\nodejs\node_modules\firebase-tools\lib\bin\firebase.js deploy
[debug] [2020-10-19T14:23:22.467Z] CLI Version:   8.12.1
[debug] [2020-10-19T14:23:22.467Z] Platform:      win32
[debug] [2020-10-19T14:23:22.467Z] Node Version:  v12.14.0
[debug] [2020-10-19T14:23:22.473Z] Time:          Mon Oct 19 2020 19:53:22 GMT+0530 (India Standard Time)
[debug] [2020-10-19T14:23:22.473Z] ----------------------------------------------------------------------
[debug] [2020-10-19T14:23:22.473Z] 
[debug] [2020-10-19T14:23:22.496Z] > command requires scopes: ["email","openid","https://www.googleapis.com/auth/cloudplatformprojects.readonly","https://www.googleapis.com/auth/firebase","https://www.googleapis.com/auth/cloud-platform"]
[debug] [2020-10-19T14:23:22.498Z] > authorizing via signed-in user
[debug] [2020-10-19T14:23:22.498Z] [iam] checking project covid19-tracker-266e7 for permissions ["firebase.projects.get","firebasehosting.sites.update"]
[debug] [2020-10-19T14:23:22.501Z] > refreshing access token with scopes: ["email","https://www.googleapis.com/auth/cloud-platform","https://www.googleapis.com/auth/cloudplatformprojects.readonly","https://www.googleapis.com/auth/firebase","openid"]
[debug] [2020-10-19T14:23:22.502Z] >>> HTTP REQUEST POST https://www.googleapis.com/oauth2/v3/token  
 <request body omitted>
[debug] [2020-10-19T14:23:22.972Z] <<< HTTP RESPONSE 200 {"expires":"Mon, 01 Jan 1990 00:00:00 GMT","cache-control":"no-cache, no-store, max-age=0, must-revalidate","pragma":"no-cache","date":"Mon, 19 Oct 2020 14:23:22 GMT","content-type":"application/json; charset=utf-8","vary":"X-Origin, Referer, Origin,Accept-Encoding","server":"scaffolding on HTTPServer2","x-xss-protection":"0","x-frame-options":"SAMEORIGIN","x-content-type-options":"nosniff","alt-svc":"h3-Q050=\":443\"; ma=2592000,h3-29=\":443\"; ma=2592000,h3-27=\":443\"; ma=2592000,h3-T051=\":443\"; ma=2592000,h3-T050=\":443\"; ma=2592000,h3-Q046=\":443\"; ma=2592000,h3-Q043=\":443\"; ma=2592000,quic=\":443\"; ma=2592000; v=\"46,43\"","accept-ranges":"none","transfer-encoding":"chunked"}
[debug] [2020-10-19T14:23:22.990Z] >>> HTTP REQUEST POST https://cloudresourcemanager.googleapis.com/v1/projects/covid19-tracker-266e7:testIamPermissions  
 {"permissions":["firebase.projects.get","firebasehosting.sites.update"]}
[debug] [2020-10-19T14:23:23.054Z] [iam] error while checking permissions, command may fail: FirebaseError: Server Error. getaddrinfo EAI_AGAIN cloudresourcemanager.googleapis.com
[debug] [2020-10-19T14:23:23.056Z] >>> HTTP REQUEST GET https://firebase.googleapis.com/v1beta1/projects/covid19-tracker-266e7  
 
[debug] [2020-10-19T14:23:23.694Z] <<< HTTP RESPONSE 200 {"content-type":"application/json; charset=UTF-8","vary":"X-Origin, Referer, Origin,Accept-Encoding","date":"Mon, 19 Oct 2020 14:23:23 GMT","server":"ESF","cache-control":"private","x-xss-protection":"0","x-frame-options":"SAMEORIGIN","x-content-type-options":"nosniff","alt-svc":"h3-Q050=\":443\"; ma=2592000,h3-29=\":443\"; ma=2592000,h3-27=\":443\"; ma=2592000,h3-T051=\":443\"; ma=2592000,h3-T050=\":443\"; ma=2592000,h3-Q046=\":443\"; ma=2592000,h3-Q043=\":443\"; ma=2592000,quic=\":443\"; ma=2592000; v=\"46,43\"","accept-ranges":"none","transfer-encoding":"chunked"}
[info] 
[info] === Deploying to 'covid19-tracker-266e7'...
[info] 
[info] i  deploying hosting 
[debug] [2020-10-19T14:23:23.699Z] >>> HTTP REQUEST POST https://firebasehosting.googleapis.com/v1beta1/sites/covid19-tracker-266e7/versions  
 {"config":{"rewrites":[{"glob":"**","path":"/index.html"}]},"labels":{"deployment-tool":"cli-firebase"}}
[debug] [2020-10-19T14:23:24.172Z] Error: getaddrinfo EAI_AGAIN firebasehosting.googleapis.com
    at GetAddrInfoReqWrap.onlookup [as oncomplete] (dns.js:60:26)
[error] 
[error] Error: Server Error. getaddrinfo EAI_AGAIN firebasehosting.googleapis.com
